d:\dxライブラリのやつだよ\p.m\p.m - コピー\debug\vc141.pdb
d:\dxライブラリのやつだよ\p.m\p.m - コピー\debug\vc141.idb
d:\dxライブラリのやつだよ\p.m\p.m - コピー\debug\actor.obj
d:\dxライブラリのやつだよ\p.m\p.m - コピー\debug\actor_manager.obj
d:\dxライブラリのやつだよ\p.m\p.m - コピー\debug\bullet.obj
d:\dxライブラリのやつだよ\p.m\p.m - コピー\debug\enemy.obj
d:\dxライブラリのやつだよ\p.m\p.m - コピー\debug\first_stage.obj
d:\dxライブラリのやつだよ\p.m\p.m - コピー\debug\main.obj
d:\dxライブラリのやつだよ\p.m\p.m - コピー\debug\object.obj
d:\dxライブラリのやつだよ\p.m\p.m - コピー\debug\player.obj
d:\dxライブラリのやつだよ\p.m\p.m - コピー\debug\result.obj
d:\dxライブラリのやつだよ\p.m\p.m - コピー\debug\scenery.obj
d:\dxライブラリのやつだよ\p.m\p.m - コピー\debug\title.obj
d:\dxライブラリのやつだよ\p.m\p.m - コピー\debug\p.m.ilk
d:\dxライブラリのやつだよ\p.m\p.m - コピー\debug\p.m.exe
d:\dxライブラリのやつだよ\p.m\p.m - コピー\debug\p.m.pdb
d:\dxライブラリのやつだよ\p.m\p.m - コピー\debug\p.m.tlog\cl.command.1.tlog
d:\dxライブラリのやつだよ\p.m\p.m - コピー\debug\p.m.tlog\cl.read.1.tlog
d:\dxライブラリのやつだよ\p.m\p.m - コピー\debug\p.m.tlog\cl.write.1.tlog
d:\dxライブラリのやつだよ\p.m\p.m - コピー\debug\p.m.tlog\link.command.1.tlog
d:\dxライブラリのやつだよ\p.m\p.m - コピー\debug\p.m.tlog\link.read.1.tlog
d:\dxライブラリのやつだよ\p.m\p.m - コピー\debug\p.m.tlog\link.write.1.tlog
